[2025-08-16 13:14:02] [Render thread/INFO] [CustomSkinLoader Core]: CustomSkinLoader 14.25
[2025-08-16 13:14:02] [Render thread/INFO] [CustomSkinLoader Core]: DataDir: C:\Users\mzyxsl\Desktop\PlayerMilk\run\CustomSkinLoader
[2025-08-16 13:14:02] [Render thread/INFO] [CustomSkinLoader Core]: Operating System: Windows 11 (amd64) version 10.0
[2025-08-16 13:14:02] [Render thread/INFO] [CustomSkinLoader Core]: Java Version: 21.0.6, Oracle Corporation
[2025-08-16 13:14:02] [Render thread/INFO] [CustomSkinLoader Core]: Java VM Version: Java HotSpot(TM) 64-Bit Server VM (mixed mode, sharing), Oracle Corporation
[2025-08-16 13:14:02] [Render thread/INFO] [CustomSkinLoader Core]: Minecraft: 1.21.8
[2025-08-16 13:14:02] [Render thread/INFO] [CustomSkinLoader Core]: Config File: C:\Users\mzyxsl\Desktop\PlayerMilk\run\CustomSkinLoader\CustomSkinLoader.json
[2025-08-16 13:14:02] [Render thread/INFO] [CustomSkinLoader Core]: Try to load config.
[2025-08-16 13:14:02] [Render thread/INFO] [CustomSkinLoader Core]: Successfully load config.
[2025-08-16 13:14:02] [Render thread/INFO] [CustomSkinLoader Core]: Add a profile loader: GameProfile
[2025-08-16 13:14:02] [Render thread/INFO] [CustomSkinLoader Core]: Add a profile loader: MojangAPI
[2025-08-16 13:14:02] [Render thread/INFO] [CustomSkinLoader Core]: Add a profile loader: Legacy
[2025-08-16 13:14:02] [Render thread/INFO] [CustomSkinLoader Core]: Add a profile loader: CustomSkinAPI
[2025-08-16 13:14:02] [Render thread/INFO] [CustomSkinLoader Core]: Add a profile loader: CustomSKinAPIPlus
[2025-08-16 13:14:02] [Render thread/INFO] [CustomSkinLoader Core]: Add a profile loader: UniSkinAPI
[2025-08-16 13:14:02] [Render thread/INFO] [CustomSkinLoader Core]: Add a profile loader: ElyByAPI
[2025-08-16 13:14:02] [Render thread/INFO] [CustomSkinLoader Core]: Add a profile loader: GlitchlessAPI
[2025-08-16 13:14:02] [Render thread/INFO] [CustomSkinLoader Core]: Add a profile loader: MinecraftCapesAPI
[2025-08-16 13:14:02] [Render thread/INFO] [CustomSkinLoader Core]: Add a profile loader: WynntilsAPI
[2025-08-16 13:14:02] [Render thread/INFO] [CustomSkinLoader Core]: Successfully update config.
[2025-08-16 13:14:02] [Render thread/INFO] [CustomSkinLoader Core]: version : 14.25
[2025-08-16 13:14:02] [Render thread/INFO] [CustomSkinLoader Core]: buildNumber : 34
[2025-08-16 13:14:02] [Render thread/INFO] [CustomSkinLoader Core]: loadlist : [{ "name": "GameProfile", "type": "GameProfile" }, { "name": "Mojang", "type": "MojangAPI", "apiRoot": "https://api.mojang.com/", "sessionRoot": "https://sessionserver.mojang.com/" }, { "name": "LittleSkin", "type": "CustomSkinAPI", "root": "https://littleskin.cn/csl/" }, { "name": "BlessingSkin", "type": "CustomSkinAPI", "root": "https://skin.prinzeugen.net/" }, { "name": "ElyBy", "type": "ElyByAPI", "root": "http://skinsystem.ely.by/textures/" }, { "name": "SkinMe", "type": "UniSkinAPI", "root": "http://www.skinme.cc/uniskin/" }, { "name": "TLauncher", "type": "ElyByAPI", "root": "https://auth.tlauncher.org/skin/profile/texture/login/" }, { "name": "GlitchlessGames", "type": "GlitchlessAPI", "root": "https://games.glitchless.ru/api/minecraft/users/profiles/textures/?nickname=" }, { "name": "LocalSkin", "type": "Legacy", "checkPNG": "false", "skin": "LocalSkin/skins/{USERNAME}.png", "model": "auto", "cape": "LocalSkin/capes/{USERNAME}.png", "elytra": "LocalSkin/elytras/{USERNAME}.png" }, { "name": "MinecraftCapes", "type": "MinecraftCapesAPI", "root": "https://api.minecraftcapes.net/profile/" }, { "name": "OptiFine", "type": "Legacy", "checkPNG": "false", "model": "auto", "cape": "https://optifine.net/capes/{USERNAME}.png" }, { "name": "Wynntils", "type": "WynntilsAPI", "root": "https://athena.wynntils.com/user/getInfo" }, { "name": "CloakPlus", "type": "Legacy", "checkPNG": "false", "model": "auto", "cape": "http://161.35.130.99/capes/{USERNAME}.png" }, { "name": "Cosmetica", "type": "Legacy", "checkPNG": "false", "model": "auto", "cape": "https://api.cosmetica.cc/get/cloak?username={USERNAME}&uuid={STANDARD_UUID}&nothirdparty" }]
[2025-08-16 13:14:02] [Render thread/INFO] [CustomSkinLoader Core]: enableDynamicSkull : true
[2025-08-16 13:14:02] [Render thread/INFO] [CustomSkinLoader Core]: enableTransparentSkin : true
[2025-08-16 13:14:02] [Render thread/INFO] [CustomSkinLoader Core]: forceLoadAllTextures : true
[2025-08-16 13:14:02] [Render thread/INFO] [CustomSkinLoader Core]: enableCape : true
[2025-08-16 13:14:02] [Render thread/INFO] [CustomSkinLoader Core]: threadPoolSize : 8
[2025-08-16 13:14:02] [Render thread/INFO] [CustomSkinLoader Core]: enableLogStdOut : false
[2025-08-16 13:14:02] [Render thread/INFO] [CustomSkinLoader Core]: cacheExpiry : 30
[2025-08-16 13:14:02] [Render thread/INFO] [CustomSkinLoader Core]: forceUpdateSkull : false
[2025-08-16 13:14:02] [Render thread/INFO] [CustomSkinLoader Core]: enableLocalProfileCache : false
[2025-08-16 13:14:02] [Render thread/INFO] [CustomSkinLoader Core]: enableCacheAutoClean : false
[2025-08-16 13:14:02] [Render thread/INFO] [CustomSkinLoader Core]: forceDisableCache : false
[2025-08-16 13:14:02] [Player101/INFO] [CustomSkinLoader Core]: Loading Player101's profile.
[2025-08-16 13:14:02] [Player101/INFO] [CustomSkinLoader Core]: 1/14 Try to load profile from 'GameProfile'.
[2025-08-16 13:14:02] [Player101/INFO] [CustomSkinLoader Core]: 2/14 Try to load profile from 'Mojang'.
[2025-08-16 13:14:02] [Player101/DEBUG] [CustomSkinLoader Core]: Try to request 'https://api.mojang.com/profiles/minecraft'.
[2025-08-16 13:14:02] [Player101/INFO] [CustomSkinLoader Core]: Payload: ["Player101"]
[2025-08-16 13:14:03] [Player101/DEBUG] [CustomSkinLoader Core]: Successfully request (Response Code: 200 , Content Length: 75)
[2025-08-16 13:14:03] [Player101/DEBUG] [CustomSkinLoader Core]: Content: [ {
  "id" : "66bc3a097d1c4d4e968b19a03f0d2424",
  "name" : "player101"
} ]
[2025-08-16 13:14:03] [Player101/DEBUG] [CustomSkinLoader Core]: Try to request 'https://sessionserver.mojang.com/session/minecraft/profile/66bc3a097d1c4d4e968b19a03f0d2424'.
[2025-08-16 13:14:03] [Player101/DEBUG] [CustomSkinLoader Core]: Successfully request (Response Code: 200 , Content Length: 539)
[2025-08-16 13:14:03] [Player101/DEBUG] [CustomSkinLoader Core]: Saved to cache (Length: 539 , Path: 'C:\Users\mzyxsl\Desktop\PlayerMilk\run\CustomSkinLoader\caches\c20ca2ff89fe886ea45dcc3c3c766f45378d8141' , Expire: 1755321273)
[2025-08-16 13:14:03] [Player101/DEBUG] [CustomSkinLoader Core]: Content: {
  "id" : "66bc3a097d1c4d4e968b19a03f0d2424",
  "name" : "player101",
  "properties" : [ {
    "name" : "textures",
    "value" : "ewogICJ0aW1lc3RhbXAiIDogMTc1NTMyMTI0NDAxNywKICAicHJvZmlsZUlkIiA6ICI2NmJjM2EwOTdkMWM0ZDRlOTY4YjE5YTAzZjBkMjQyNCIsCiAgInByb2ZpbGVOYW1lIiA6ICJwbGF5ZXIxMDEiLAogICJ0ZXh0dXJlcyIgOiB7CiAgICAiU0tJTiIgOiB7CiAgICAgICJ1cmwiIDogImh0dHA6Ly90ZXh0dXJlcy5taW5lY3JhZnQubmV0L3RleHR1cmUvZDFlNTgwNDkwZGQwMzhjYzE5MjVkNTNlMDQyMjE2MTY4ZTJhNmMzYmRiZmFhNDVjZDc1ZDdkZGQxZDkwNTIyZSIKICAgIH0KICB9Cn0="
  } ],
  "profileActions" : [ ]
}
[2025-08-16 13:14:04] [Player101/INFO] [CustomSkinLoader Core]: 3/14 Try to load profile from 'LittleSkin'.
[2025-08-16 13:14:04] [Player101/DEBUG] [CustomSkinLoader Core]: Try to request 'https://littleskin.cn/csl/Player101.json'.
[2025-08-16 13:14:05] [Player101/DEBUG] [CustomSkinLoader Core]: Successfully request (Response Code: 200 , Content Length: 2)
[2025-08-16 13:14:05] [Player101/DEBUG] [CustomSkinLoader Core]: Saved to cache (Length: 2 , Path: 'C:\Users\mzyxsl\Desktop\PlayerMilk\run\CustomSkinLoader\caches\97c03a115d62dbf18c516ab2864d93dea4326463' , Expire: 1755321335)
[2025-08-16 13:14:05] [Player101/DEBUG] [CustomSkinLoader Core]: Content: {}
[2025-08-16 13:14:05] [Player101/INFO] [CustomSkinLoader Core]: Both skin and cape not found.
[2025-08-16 13:14:05] [Player101/INFO] [CustomSkinLoader Core]: 4/14 Try to load profile from 'BlessingSkin'.
[2025-08-16 13:14:05] [Player101/DEBUG] [CustomSkinLoader Core]: Try to request 'https://skin.prinzeugen.net/Player101.json'.
[2025-08-16 13:14:06] [Player101/DEBUG] [CustomSkinLoader Core]: Failed to request (Response Code: 404)
[2025-08-16 13:14:06] [Player101/INFO] [CustomSkinLoader Core]: Profile not found.
[2025-08-16 13:14:06] [Player101/INFO] [CustomSkinLoader Core]: 5/14 Try to load profile from 'ElyBy'.
[2025-08-16 13:14:06] [Player101/DEBUG] [CustomSkinLoader Core]: Try to request 'http://skinsystem.ely.by/textures/Player101'.
[2025-08-16 13:14:08] [Player101/DEBUG] [CustomSkinLoader Core]: Successfully request (Response Code: 200 , Content Length: 121)
[2025-08-16 13:14:08] [Player101/DEBUG] [CustomSkinLoader Core]: Saved to cache (Length: 121 , Path: 'C:\Users\mzyxsl\Desktop\PlayerMilk\run\CustomSkinLoader\caches\113ce341fa3a647fa77cafa1d10444b60a65363b' , Expire: 1755321338)
[2025-08-16 13:14:08] [Player101/DEBUG] [CustomSkinLoader Core]: Content: {"SKIN":{"url":"http://textures.minecraft.net/texture/d1e580490dd038cc1925d53e042216168e2a6c3bdbfaa45cd75d7ddd1d90522e"}}
[2025-08-16 13:14:08] [Player101/INFO] [CustomSkinLoader Core]: 6/14 Try to load profile from 'SkinMe'.
[2025-08-16 13:14:08] [Player101/DEBUG] [CustomSkinLoader Core]: Try to request 'http://www.skinme.cc/uniskin/Player101.json'.
[2025-08-16 13:14:08] [Player101/DEBUG] [CustomSkinLoader Core]: Failed to request http://www.skinme.cc/uniskin/Player101.json (Exception: java.net.UnknownHostException: www.skinme.cc)
[2025-08-16 13:14:08] [Player101/INFO] [CustomSkinLoader Core]: Profile not found.
[2025-08-16 13:14:08] [Player101/INFO] [CustomSkinLoader Core]: 7/14 Try to load profile from 'TLauncher'.
[2025-08-16 13:14:08] [Player101/DEBUG] [CustomSkinLoader Core]: Try to request 'https://auth.tlauncher.org/skin/profile/texture/login/Player101'.
[2025-08-16 13:14:09] [Player101/DEBUG] [CustomSkinLoader Core]: Successfully request (Response Code: 200 , Content Length: -1)
[2025-08-16 13:14:09] [Player101/DEBUG] [CustomSkinLoader Core]: Saved to cache (Length: 114 , Path: 'C:\Users\mzyxsl\Desktop\PlayerMilk\run\CustomSkinLoader\caches\bd09adf9164fd7fc0f98e079c8648f0182da4df7' , Expire: 1755321339)
[2025-08-16 13:14:09] [Player101/DEBUG] [CustomSkinLoader Core]: Content: {"SKIN":{"url":"http://auth.tlauncher.org/skin/fileservice/skins/skin_player101.png","metadata":{"model":"slim"}}}
[2025-08-16 13:14:09] [Player101/INFO] [CustomSkinLoader Core]: 8/14 Try to load profile from 'GlitchlessGames'.
[2025-08-16 13:14:09] [Player101/DEBUG] [CustomSkinLoader Core]: Try to request 'https://games.glitchless.ru/api/minecraft/users/profiles/textures/?nickname=Player101'.
[2025-08-16 13:14:11] [mzyxsl/INFO] [CustomSkinLoader Core]: Loading mzyxsl's profile.
[2025-08-16 13:14:11] [mzyxsl/INFO] [CustomSkinLoader Core]: 1/14 Try to load profile from 'GameProfile'.
[2025-08-16 13:14:11] [mzyxsl/INFO] [CustomSkinLoader Core]: Default profile will be used.
[2025-08-16 13:14:11] [mzyxsl/INFO] [CustomSkinLoader Core]: 2/14 Try to load profile from 'Mojang'.
[2025-08-16 13:14:11] [mzyxsl/DEBUG] [CustomSkinLoader Core]: Try to request 'https://api.mojang.com/profiles/minecraft'.
[2025-08-16 13:14:11] [mzyxsl/INFO] [CustomSkinLoader Core]: Payload: ["mzyxsl"]
[2025-08-16 13:14:11] [mzyxsl/DEBUG] [CustomSkinLoader Core]: Successfully request (Response Code: 200 , Content Length: 72)
[2025-08-16 13:14:11] [mzyxsl/DEBUG] [CustomSkinLoader Core]: Content: [ {
  "id" : "b233b84864da411eb5f6027ac6b7c74e",
  "name" : "mzyxsl"
} ]
[2025-08-16 13:14:11] [mzyxsl/DEBUG] [CustomSkinLoader Core]: Try to request 'https://sessionserver.mojang.com/session/minecraft/profile/b233b84864da411eb5f6027ac6b7c74e'.
[2025-08-16 13:14:12] [mzyxsl/DEBUG] [CustomSkinLoader Core]: Successfully request (Response Code: 200 , Content Length: 604)
[2025-08-16 13:14:12] [mzyxsl/DEBUG] [CustomSkinLoader Core]: Saved to cache (Length: 604 , Path: 'C:\Users\mzyxsl\Desktop\PlayerMilk\run\CustomSkinLoader\caches\1277fe56f1a0832675791ee72d6050b12275d740' , Expire: 1755321282)
[2025-08-16 13:14:12] [mzyxsl/DEBUG] [CustomSkinLoader Core]: Content: {
  "id" : "b233b84864da411eb5f6027ac6b7c74e",
  "name" : "mzyxsl",
  "properties" : [ {
    "name" : "textures",
    "value" : "ewogICJ0aW1lc3RhbXAiIDogMTc1NTMyMTI1MjQzMSwKICAicHJvZmlsZUlkIiA6ICJiMjMzYjg0ODY0ZGE0MTFlYjVmNjAyN2FjNmI3Yzc0ZSIsCiAgInByb2ZpbGVOYW1lIiA6ICJtenl4c2wiLAogICJ0ZXh0dXJlcyIgOiB7CiAgICAiU0tJTiIgOiB7CiAgICAgICJ1cmwiIDogImh0dHA6Ly90ZXh0dXJlcy5taW5lY3JhZnQubmV0L3RleHR1cmUvZjgzZWNhODZiZDZkNjMyOWU1ODhkYjMyODAyNDRkNzg4MWRiNmY2YWU2NmM1OGQ1MTUyYWI5ZGI3ZjlmMTAyMCIsCiAgICAgICJtZXRhZGF0YSIgOiB7CiAgICAgICAgIm1vZGVsIiA6ICJzbGltIgogICAgICB9CiAgICB9CiAgfQp9"
  } ],
  "profileActions" : [ ]
}
[2025-08-16 13:14:12] [mzyxsl/INFO] [CustomSkinLoader Core]: 3/14 Try to load profile from 'LittleSkin'.
[2025-08-16 13:14:12] [mzyxsl/DEBUG] [CustomSkinLoader Core]: Try to request 'https://littleskin.cn/csl/mzyxsl.json'.
[2025-08-16 13:14:12] [mzyxsl/DEBUG] [CustomSkinLoader Core]: Successfully request (Response Code: 200 , Content Length: 2)
[2025-08-16 13:14:12] [mzyxsl/DEBUG] [CustomSkinLoader Core]: Saved to cache (Length: 2 , Path: 'C:\Users\mzyxsl\Desktop\PlayerMilk\run\CustomSkinLoader\caches\e89099316e68a8edb0e4de194af12770c611de31' , Expire: 1755321344)
[2025-08-16 13:14:12] [mzyxsl/DEBUG] [CustomSkinLoader Core]: Content: {}
[2025-08-16 13:14:12] [mzyxsl/INFO] [CustomSkinLoader Core]: Both skin and cape not found.
[2025-08-16 13:14:12] [mzyxsl/INFO] [CustomSkinLoader Core]: 4/14 Try to load profile from 'BlessingSkin'.
[2025-08-16 13:14:12] [mzyxsl/DEBUG] [CustomSkinLoader Core]: Try to request 'https://skin.prinzeugen.net/mzyxsl.json'.
[2025-08-16 13:14:12] [Player101/DEBUG] [CustomSkinLoader Core]: Failed to request (Response Code: 404)
[2025-08-16 13:14:12] [Player101/INFO] [CustomSkinLoader Core]: Profile not found.
[2025-08-16 13:14:12] [Player101/INFO] [CustomSkinLoader Core]: 9/14 Try to load profile from 'LocalSkin'.
[2025-08-16 13:14:12] [Player101/INFO] [CustomSkinLoader Core]: No texture could be found.
[2025-08-16 13:14:12] [Player101/INFO] [CustomSkinLoader Core]: 10/14 Try to load profile from 'MinecraftCapes'.
[2025-08-16 13:14:12] [Player101/DEBUG] [CustomSkinLoader Core]: Try to request 'https://api.minecraftcapes.net/profile/66bc3a097d1c4d4e968b19a03f0d2424'.
[2025-08-16 13:14:13] [mzyxsl/DEBUG] [CustomSkinLoader Core]: Failed to request (Response Code: 404)
[2025-08-16 13:14:13] [mzyxsl/INFO] [CustomSkinLoader Core]: Profile not found.
[2025-08-16 13:14:13] [mzyxsl/INFO] [CustomSkinLoader Core]: 5/14 Try to load profile from 'ElyBy'.
[2025-08-16 13:14:13] [mzyxsl/DEBUG] [CustomSkinLoader Core]: Try to request 'http://skinsystem.ely.by/textures/mzyxsl'.
[2025-08-16 13:14:14] [Player101/DEBUG] [CustomSkinLoader Core]: Successfully request (Response Code: 200 , Content Length: -1)
[2025-08-16 13:14:14] [Player101/DEBUG] [CustomSkinLoader Core]: Saved to cache (Length: 152 , Path: 'C:\Users\mzyxsl\Desktop\PlayerMilk\run\CustomSkinLoader\caches\b5ca9746cee55ba97c6d2863ae1f2bab6f3e1ea0' , Expire: 1755324854)
[2025-08-16 13:14:14] [Player101/DEBUG] [CustomSkinLoader Core]: Content: {"animatedCape":false,"capeGlint":false,"upsideDown":false,"animated_cape_url":null,"cape_url":null,"ear_url":null,"textures":{"cape":null,"ears":null}}
[2025-08-16 13:14:14] [Player101/INFO] [CustomSkinLoader Core]: Both skin and cape not found.
[2025-08-16 13:14:14] [Player101/INFO] [CustomSkinLoader Core]: 11/14 Try to load profile from 'OptiFine'.
[2025-08-16 13:14:14] [Player101/DEBUG] [CustomSkinLoader Core]: Try to request 'https://optifine.net/capes/Player101.png'.
[2025-08-16 13:14:15] [Player101/DEBUG] [CustomSkinLoader Core]: Failed to request (Response Code: 404)
[2025-08-16 13:14:15] [Player101/INFO] [CustomSkinLoader Core]: No texture could be found.
[2025-08-16 13:14:15] [Player101/INFO] [CustomSkinLoader Core]: 12/14 Try to load profile from 'Wynntils'.
[2025-08-16 13:14:15] [Player101/DEBUG] [CustomSkinLoader Core]: Try to request 'https://athena.wynntils.com/user/getInfo'.
[2025-08-16 13:14:15] [Player101/INFO] [CustomSkinLoader Core]: Payload: {"uuid":"66bc3a09-7d1c-4d4e-968b-19a03f0d2424"}
[2025-08-16 13:14:16] [Player101/DEBUG] [CustomSkinLoader Core]: Failed to request (Response Code: 403)
[2025-08-16 13:14:16] [Player101/INFO] [CustomSkinLoader Core]: Profile not found.
[2025-08-16 13:14:16] [Player101/INFO] [CustomSkinLoader Core]: 13/14 Try to load profile from 'CloakPlus'.
[2025-08-16 13:14:16] [Player101/DEBUG] [CustomSkinLoader Core]: Try to request 'http://161.35.130.99/capes/Player101.png'.
[2025-08-16 13:14:17] [Player101/DEBUG] [CustomSkinLoader Core]: Failed to request (Response Code: 404)
[2025-08-16 13:14:17] [Player101/INFO] [CustomSkinLoader Core]: No texture could be found.
[2025-08-16 13:14:17] [Player101/INFO] [CustomSkinLoader Core]: 14/14 Try to load profile from 'Cosmetica'.
[2025-08-16 13:14:17] [Player101/DEBUG] [CustomSkinLoader Core]: Try to request 'https://api.cosmetica.cc/get/cloak?username=Player101&uuid=66bc3a09-7d1c-4d4e-968b-19a03f0d2424&nothirdparty'.
[2025-08-16 13:14:18] [Player101/DEBUG] [CustomSkinLoader Core]: Failed to request (Response Code: 404)
[2025-08-16 13:14:18] [Player101/INFO] [CustomSkinLoader Core]: No texture could be found.
[2025-08-16 13:14:18] [Player101/INFO] [CustomSkinLoader Core]: Player101's profile loaded.
[2025-08-16 13:14:18] [Player101/INFO] [CustomSkinLoader Core]: (SkinUrl: http://textures.minecraft.net/texture/d1e580490dd038cc1925d53e042216168e2a6c3bdbfaa45cd75d7ddd1d90522e , Model: default , CapeUrl: null  , Expiry: 1755321288)
[2025-08-16 13:14:23] [mzyxsl/DEBUG] [CustomSkinLoader Core]: Failed to request http://skinsystem.ely.by/textures/mzyxsl (Exception: java.net.SocketTimeoutException: Read timed out)
[2025-08-16 13:14:23] [mzyxsl/DEBUG] [CustomSkinLoader Core]: Cache file found (Length: 149 , Path: 'C:\Users\mzyxsl\Desktop\PlayerMilk\run\CustomSkinLoader\caches\4a5dc3a809d4c8345917ae7c68e0c140c3c4f0f3' , Expire: 0)
[2025-08-16 13:14:23] [mzyxsl/INFO] [CustomSkinLoader Core]: Try to load from cache 'C:\Users\mzyxsl\Desktop\PlayerMilk\run\CustomSkinLoader\caches\4a5dc3a809d4c8345917ae7c68e0c140c3c4f0f3'.
[2025-08-16 13:14:23] [mzyxsl/DEBUG] [CustomSkinLoader Core]: Successfully load from cache
[2025-08-16 13:14:23] [mzyxsl/DEBUG] [CustomSkinLoader Core]: Content: {"SKIN":{"url":"http://textures.minecraft.net/texture/f83eca86bd6d6329e588db3280244d7881db6f6ae66c58d5152ab9db7f9f1020","metadata":{"model":"slim"}}}
[2025-08-16 13:14:23] [mzyxsl/INFO] [CustomSkinLoader Core]: 6/14 Try to load profile from 'SkinMe'.
[2025-08-16 13:14:23] [mzyxsl/DEBUG] [CustomSkinLoader Core]: Try to request 'http://www.skinme.cc/uniskin/mzyxsl.json'.
[2025-08-16 13:14:23] [mzyxsl/DEBUG] [CustomSkinLoader Core]: Failed to request http://www.skinme.cc/uniskin/mzyxsl.json (Exception: java.net.UnknownHostException: www.skinme.cc)
[2025-08-16 13:14:23] [mzyxsl/INFO] [CustomSkinLoader Core]: Profile not found.
[2025-08-16 13:14:23] [mzyxsl/INFO] [CustomSkinLoader Core]: 7/14 Try to load profile from 'TLauncher'.
[2025-08-16 13:14:23] [mzyxsl/DEBUG] [CustomSkinLoader Core]: Try to request 'https://auth.tlauncher.org/skin/profile/texture/login/mzyxsl'.
[2025-08-16 13:14:23] [mzyxsl/DEBUG] [CustomSkinLoader Core]: Successfully request (Response Code: 200 , Content Length: -1)
[2025-08-16 13:14:23] [mzyxsl/DEBUG] [CustomSkinLoader Core]: Saved to cache (Length: 149 , Path: 'C:\Users\mzyxsl\Desktop\PlayerMilk\run\CustomSkinLoader\caches\658fa1f89c8c0914d70babe3977505c6f7a7607e' , Expire: 1755321353)
[2025-08-16 13:14:23] [mzyxsl/DEBUG] [CustomSkinLoader Core]: Content: {"SKIN":{"url":"http://textures.minecraft.net/texture/f83eca86bd6d6329e588db3280244d7881db6f6ae66c58d5152ab9db7f9f1020","metadata":{"model":"slim"}}}
[2025-08-16 13:14:23] [mzyxsl/INFO] [CustomSkinLoader Core]: 8/14 Try to load profile from 'GlitchlessGames'.
[2025-08-16 13:14:23] [mzyxsl/DEBUG] [CustomSkinLoader Core]: Try to request 'https://games.glitchless.ru/api/minecraft/users/profiles/textures/?nickname=mzyxsl'.
[2025-08-16 13:14:26] [mzyxsl/DEBUG] [CustomSkinLoader Core]: Failed to request (Response Code: 404)
[2025-08-16 13:14:26] [mzyxsl/INFO] [CustomSkinLoader Core]: Profile not found.
[2025-08-16 13:14:26] [mzyxsl/INFO] [CustomSkinLoader Core]: 9/14 Try to load profile from 'LocalSkin'.
[2025-08-16 13:14:26] [mzyxsl/INFO] [CustomSkinLoader Core]: No texture could be found.
[2025-08-16 13:14:26] [mzyxsl/INFO] [CustomSkinLoader Core]: 10/14 Try to load profile from 'MinecraftCapes'.
[2025-08-16 13:14:26] [mzyxsl/DEBUG] [CustomSkinLoader Core]: Try to request 'https://api.minecraftcapes.net/profile/b233b84864da411eb5f6027ac6b7c74e'.
[2025-08-16 13:14:26] [mzyxsl/DEBUG] [CustomSkinLoader Core]: Cache file found (Length: 152 , Path: 'C:\Users\mzyxsl\Desktop\PlayerMilk\run\CustomSkinLoader\caches\5dc40c28ad25fc667eebb0eba23cae80ef81c3d9' , Expire: 1755324632)
[2025-08-16 13:14:26] [mzyxsl/INFO] [CustomSkinLoader Core]: Try to load from cache 'C:\Users\mzyxsl\Desktop\PlayerMilk\run\CustomSkinLoader\caches\5dc40c28ad25fc667eebb0eba23cae80ef81c3d9'.
[2025-08-16 13:14:26] [mzyxsl/DEBUG] [CustomSkinLoader Core]: Successfully load from cache
[2025-08-16 13:14:26] [mzyxsl/DEBUG] [CustomSkinLoader Core]: Content: {"animatedCape":false,"capeGlint":false,"upsideDown":false,"animated_cape_url":null,"cape_url":null,"ear_url":null,"textures":{"cape":null,"ears":null}}
[2025-08-16 13:14:26] [mzyxsl/INFO] [CustomSkinLoader Core]: Both skin and cape not found.
[2025-08-16 13:14:26] [mzyxsl/INFO] [CustomSkinLoader Core]: 11/14 Try to load profile from 'OptiFine'.
[2025-08-16 13:14:26] [mzyxsl/DEBUG] [CustomSkinLoader Core]: Try to request 'https://optifine.net/capes/mzyxsl.png'.
[2025-08-16 13:14:27] [mzyxsl/DEBUG] [CustomSkinLoader Core]: Failed to request (Response Code: 404)
[2025-08-16 13:14:27] [mzyxsl/INFO] [CustomSkinLoader Core]: No texture could be found.
[2025-08-16 13:14:27] [mzyxsl/INFO] [CustomSkinLoader Core]: 12/14 Try to load profile from 'Wynntils'.
[2025-08-16 13:14:27] [mzyxsl/DEBUG] [CustomSkinLoader Core]: Try to request 'https://athena.wynntils.com/user/getInfo'.
[2025-08-16 13:14:27] [mzyxsl/INFO] [CustomSkinLoader Core]: Payload: {"uuid":"b233b848-64da-411e-b5f6-027ac6b7c74e"}
[2025-08-16 13:14:27] [mzyxsl/DEBUG] [CustomSkinLoader Core]: Failed to request (Response Code: 403)
[2025-08-16 13:14:27] [mzyxsl/INFO] [CustomSkinLoader Core]: Profile not found.
[2025-08-16 13:14:27] [mzyxsl/INFO] [CustomSkinLoader Core]: 13/14 Try to load profile from 'CloakPlus'.
[2025-08-16 13:14:27] [mzyxsl/DEBUG] [CustomSkinLoader Core]: Try to request 'http://161.35.130.99/capes/mzyxsl.png'.
[2025-08-16 13:14:29] [mzyxsl/DEBUG] [CustomSkinLoader Core]: Failed to request (Response Code: 404)
[2025-08-16 13:14:29] [mzyxsl/INFO] [CustomSkinLoader Core]: No texture could be found.
[2025-08-16 13:14:29] [mzyxsl/INFO] [CustomSkinLoader Core]: 14/14 Try to load profile from 'Cosmetica'.
[2025-08-16 13:14:29] [mzyxsl/DEBUG] [CustomSkinLoader Core]: Try to request 'https://api.cosmetica.cc/get/cloak?username=mzyxsl&uuid=b233b848-64da-411e-b5f6-027ac6b7c74e&nothirdparty'.
[2025-08-16 13:14:30] [mzyxsl/DEBUG] [CustomSkinLoader Core]: Failed to request (Response Code: 404)
[2025-08-16 13:14:30] [mzyxsl/INFO] [CustomSkinLoader Core]: No texture could be found.
[2025-08-16 13:14:30] [mzyxsl/INFO] [CustomSkinLoader Core]: mzyxsl's profile loaded.
[2025-08-16 13:14:30] [mzyxsl/INFO] [CustomSkinLoader Core]: (SkinUrl: http://textures.minecraft.net/texture/f83eca86bd6d6329e588db3280244d7881db6f6ae66c58d5152ab9db7f9f1020 , Model: slim , CapeUrl: null  , Expiry: 1755321300)
